TN:
SF:src/components/filterOptions/FilterOptions.tsx
FN:4,FilterOptions
FN:16,(anonymous_1)
FN:24,(anonymous_2)
FNF:3
FNH:2
FNDA:3,FilterOptions
FNDA:6,(anonymous_1)
FNDA:0,(anonymous_2)
DA:1,2
DA:2,2
DA:5,3
DA:16,6
DA:24,0
DA:36,2
LF:6
LH:5
BRF:0
BRH:0
end_of_record
TN:
SF:src/components/landingInfo/LandingInfo.tsx
FN:26,LandingInfo
FN:36,(anonymous_1)
FNF:2
FNH:2
FNDA:2,LandingInfo
FNDA:6,(anonymous_1)
DA:1,2
DA:2,2
DA:3,2
DA:5,2
DA:27,2
DA:37,6
DA:53,2
LF:7
LH:7
BRF:0
BRH:0
end_of_record
TN:
SF:src/components/signInCard/SignInCard.tsx
FN:4,SignInCard
FN:18,(anonymous_1)
FN:21,(anonymous_2)
FNF:3
FNH:1
FNDA:2,SignInCard
FNDA:0,(anonymous_1)
FNDA:0,(anonymous_2)
DA:1,2
DA:2,2
DA:5,2
DA:19,0
DA:22,0
DA:32,2
LF:6
LH:4
BRF:0
BRH:0
end_of_record
TN:
SF:src/components/uploadElement/FileDropzone.tsx
FN:12,(anonymous_0)
FN:13,(anonymous_1)
FN:20,(anonymous_2)
FN:21,(anonymous_3)
FN:22,(anonymous_4)
FN:26,(anonymous_5)
FN:65,(anonymous_6)
FN:69,(anonymous_7)
FNF:8
FNH:0
FNDA:0,(anonymous_0)
FNDA:0,(anonymous_1)
FNDA:0,(anonymous_2)
FNDA:0,(anonymous_3)
FNDA:0,(anonymous_4)
FNDA:0,(anonymous_5)
FNDA:0,(anonymous_6)
FNDA:0,(anonymous_7)
DA:1,2
DA:2,2
DA:3,2
DA:12,2
DA:13,0
DA:14,0
DA:15,0
DA:18,0
DA:26,0
DA:27,0
DA:28,0
DA:29,0
DA:30,0
DA:31,0
DA:32,0
DA:33,0
DA:34,0
DA:37,0
DA:66,0
DA:69,0
DA:93,2
LF:21
LH:5
BRDA:49,0,0,0
BRDA:49,0,1,0
BRDA:59,1,0,0
BRDA:59,1,1,0
BRDA:81,2,0,0
BRDA:81,2,1,0
BRF:6
BRH:0
end_of_record
TN:
SF:src/components/uploadElement/UploadElement.tsx
FN:8,UploadElement
FN:18,(anonymous_8)
FN:22,(anonymous_9)
FN:22,(anonymous_10)
FN:29,(anonymous_11)
FN:29,(anonymous_12)
FN:59,(anonymous_13)
FN:59,(anonymous_14)
FN:81,(anonymous_15)
FN:81,(anonymous_16)
FN:98,(anonymous_17)
FN:108,(anonymous_18)
FN:136,(anonymous_19)
FN:147,(anonymous_20)
FNF:14
FNH:1
FNDA:2,UploadElement
FNDA:0,(anonymous_8)
FNDA:0,(anonymous_9)
FNDA:0,(anonymous_10)
FNDA:0,(anonymous_11)
FNDA:0,(anonymous_12)
FNDA:0,(anonymous_13)
FNDA:0,(anonymous_14)
FNDA:0,(anonymous_15)
FNDA:0,(anonymous_16)
FNDA:0,(anonymous_17)
FNDA:0,(anonymous_18)
FNDA:0,(anonymous_19)
FNDA:0,(anonymous_20)
DA:1,2
DA:2,2
DA:3,2
DA:4,2
DA:5,2
DA:6,2
DA:9,2
DA:11,2
DA:12,2
DA:13,2
DA:14,2
DA:16,2
DA:18,2
DA:19,0
DA:22,2
DA:23,0
DA:24,0
DA:26,0
DA:29,2
DA:30,0
DA:31,0
DA:33,0
DA:35,0
DA:43,0
DA:49,0
DA:58,2
DA:59,0
DA:60,0
DA:62,0
DA:63,0
DA:65,0
DA:67,0
DA:68,0
DA:69,0
DA:70,0
DA:71,0
DA:72,0
DA:73,0
DA:75,0
DA:76,0
DA:77,0
DA:78,0
DA:80,0
DA:81,0
DA:83,0
DA:86,0
DA:89,0
DA:91,0
DA:98,0
DA:99,0
DA:100,0
DA:103,0
DA:106,0
DA:108,0
DA:109,0
DA:136,0
DA:147,0
DA:168,2
LF:58
LH:17
BRDA:62,0,0,0
BRDA:67,1,0,0
BRDA:67,1,1,0
BRDA:68,2,0,0
BRDA:68,2,1,0
BRDA:72,3,0,0
BRDA:75,4,0,0
BRDA:76,5,0,0
BRDA:136,6,0,2
BRDA:136,6,1,0
BRDA:136,7,0,0
BRDA:136,7,1,0
BRDA:136,8,0,0
BRDA:136,8,1,0
BRDA:139,9,0,2
BRDA:139,9,1,0
BRF:16
BRH:2
end_of_record
TN:
SF:src/components/userKeyPopup/UserKeyPopup.tsx
FN:4,UserKeyPopup
FN:7,(anonymous_1)
FN:17,(anonymous_2)
FNF:3
FNH:1
FNDA:1,UserKeyPopup
FNDA:0,(anonymous_1)
FNDA:0,(anonymous_2)
DA:1,1
DA:2,1
DA:5,1
DA:7,1
DA:8,0
DA:11,1
DA:18,0
DA:19,0
DA:20,0
DA:50,1
LF:10
LH:6
BRF:0
BRH:0
end_of_record
TN:
SF:src/components/vaultElement/VaultElement.tsx
FN:11,VaultElement
FN:19,(anonymous_8)
FN:19,(anonymous_9)
FN:24,(anonymous_10)
FN:24,(anonymous_11)
FN:49,(anonymous_12)
FN:49,(anonymous_13)
FN:59,(anonymous_14)
FN:59,(anonymous_15)
FN:69,(anonymous_16)
FN:69,(anonymous_17)
FN:73,(anonymous_18)
FN:73,(anonymous_19)
FN:77,(anonymous_20)
FN:77,(anonymous_21)
FN:81,(anonymous_22)
FN:87,(anonymous_23)
FN:87,(anonymous_24)
FN:111,(anonymous_25)
FN:120,(anonymous_26)
FN:128,(anonymous_27)
FN:147,(anonymous_28)
FN:156,(anonymous_29)
FN:165,(anonymous_30)
FNF:24
FNH:1
FNDA:1,VaultElement
FNDA:0,(anonymous_8)
FNDA:0,(anonymous_9)
FNDA:0,(anonymous_10)
FNDA:0,(anonymous_11)
FNDA:0,(anonymous_12)
FNDA:0,(anonymous_13)
FNDA:0,(anonymous_14)
FNDA:0,(anonymous_15)
FNDA:0,(anonymous_16)
FNDA:0,(anonymous_17)
FNDA:0,(anonymous_18)
FNDA:0,(anonymous_19)
FNDA:0,(anonymous_20)
FNDA:0,(anonymous_21)
FNDA:0,(anonymous_22)
FNDA:0,(anonymous_23)
FNDA:0,(anonymous_24)
FNDA:0,(anonymous_25)
FNDA:0,(anonymous_26)
FNDA:0,(anonymous_27)
FNDA:0,(anonymous_28)
FNDA:0,(anonymous_29)
FNDA:0,(anonymous_30)
DA:1,3
DA:2,3
DA:3,3
DA:4,3
DA:5,3
DA:6,3
DA:7,3
DA:8,3
DA:9,3
DA:12,1
DA:13,1
DA:14,1
DA:16,1
DA:17,1
DA:19,1
DA:20,0
DA:21,0
DA:24,1
DA:25,0
DA:27,0
DA:28,0
DA:30,0
DA:32,0
DA:40,0
DA:46,0
DA:49,1
DA:50,0
DA:51,0
DA:52,0
DA:54,0
DA:55,0
DA:59,1
DA:60,0
DA:61,0
DA:62,0
DA:64,0
DA:65,0
DA:69,1
DA:73,1
DA:77,1
DA:78,0
DA:79,0
DA:81,0
DA:82,0
DA:87,1
DA:88,0
DA:89,0
DA:90,0
DA:91,0
DA:93,0
DA:94,0
DA:95,0
DA:96,0
DA:97,0
DA:98,0
DA:99,0
DA:104,1
DA:105,0
DA:111,0
DA:120,0
DA:128,0
DA:141,1
DA:147,0
DA:156,0
DA:165,0
DA:178,3
LF:66
LH:25
BRDA:50,0,0,0
BRDA:50,0,1,0
BRDA:60,1,0,0
BRDA:60,1,1,0
BRDA:104,2,0,0
BRDA:117,3,0,0
BRDA:117,3,1,0
BRDA:121,4,0,0
BRDA:121,4,1,0
BRDA:153,5,0,0
BRDA:153,5,1,1
BRDA:157,6,0,0
BRDA:157,6,1,1
BRDA:163,7,0,0
BRDA:163,7,1,1
BRF:15
BRH:3
end_of_record
TN:
SF:src/components/vaultList/VaultList.tsx
FN:6,VaultList
FN:19,(anonymous_1)
FNF:2
FNH:2
FNDA:3,VaultList
FNDA:1,(anonymous_1)
DA:1,2
DA:2,2
DA:3,2
DA:8,3
DA:20,1
DA:28,2
LF:6
LH:6
BRDA:10,0,0,2
BRDA:10,0,1,1
BRDA:20,1,0,1
BRDA:20,1,1,0
BRDA:20,1,2,1
BRDA:20,1,3,1
BRDA:20,1,4,0
BRF:7
BRH:5
end_of_record
TN:
SF:src/interfaces/VaultElement.tsx
FN:1,(anonymous_0)
FNF:1
FNH:1
FNDA:4,(anonymous_0)
DA:1,4
DA:2,4
DA:3,4
DA:16,4
LF:4
LH:4
BRDA:1,0,0,4
BRDA:1,0,1,4
BRF:2
BRH:2
end_of_record
TN:
SF:src/util/util.tsx
FN:1,getMimeType
FNF:1
FNH:0
FNDA:0,getMimeType
DA:1,3
DA:2,0
DA:4,0
DA:32,0
LF:4
LH:1
BRDA:2,0,0,0
BRDA:2,0,1,0
BRDA:2,1,0,0
BRDA:2,1,1,0
BRDA:32,2,0,0
BRDA:32,2,1,0
BRDA:32,3,0,0
BRDA:32,3,1,0
BRF:8
BRH:0
end_of_record
TN:
SF:src/views/homeView/HomeView.tsx
FN:9,HomeView
FNF:1
FNH:1
FNDA:1,HomeView
DA:1,1
DA:2,1
DA:3,1
DA:4,1
DA:5,1
DA:6,1
DA:7,1
DA:10,1
DA:11,1
DA:12,1
DA:13,1
DA:15,1
DA:48,1
LF:13
LH:13
BRF:0
BRH:0
end_of_record
TN:
SF:src/views/landingView/LandingView.tsx
FN:6,LandingView
FNF:1
FNH:1
FNDA:1,LandingView
DA:1,1
DA:2,1
DA:3,1
DA:4,1
DA:7,1
DA:16,1
LF:6
LH:6
BRF:0
BRH:0
end_of_record
